2025-01-26 19:30:21 INFO  com.qa.test.hooks.BasePage - Initializing Driver...
2025-01-26 19:30:29 INFO  com.qa.test.hooks.BasePage - Driver fetched in BasePage: true
2025-01-26 19:36:17 INFO  com.qa.test.hooks.BasePage - ******** Initializing Driver ********
2025-01-26 19:36:25 INFO  com.qa.test.hooks.BasePage - ******* Driver fetched in BasePage: *******true
2025-01-26 19:37:29 INFO  com.qa.test.hooks.BasePage - ******** Initializing Driver ********
2025-01-26 19:37:37 INFO  com.qa.test.hooks.BasePage - ******* Driver fetched in BasePage: *******true
2025-01-26 19:38:01 INFO  com.qa.test.hooks.BasePage - ******** Initializing Driver ********
2025-01-26 19:38:12 INFO  com.qa.test.hooks.BasePage - ******* Driver fetched in BasePage: *******true
2025-01-26 19:44:43 INFO  com.qa.test.hooks.Hooks - ******** Initializing Driver ********
2025-01-26 19:44:49 INFO  com.qa.test.hooks.BasePage - ******* Driver fetched in BasePage: true
2025-01-26 20:03:52 INFO  com.qa.test.hooks.BasePage - ******* Driver fetched in BasePage: false
2025-01-26 20:04:31 INFO  com.qa.test.hooks.Hooks - ******** Initializing Driver ********
2025-01-26 20:10:00 INFO  com.qa.test.hooks.Hooks - ******** Initializing Driver ********
2025-01-26 20:10:29 INFO  com.qa.test.hooks.Hooks - ******** Initializing Driver ********
2025-01-26 20:10:37 INFO  com.qa.test.hooks.BasePage - ******* Driver fetched in BasePage: true
2025-01-26 20:12:23 INFO  com.qa.test.hooks.Hooks - ******** Initializing Driver ********
2025-01-26 20:12:33 INFO  com.qa.test.hooks.BasePage - ******* Driver fetched in BasePage: true
2025-01-26 20:15:11 INFO  com.qa.test.hooks.Hooks - ******** Initializing Driver ********
2025-01-26 20:15:19 INFO  com.qa.test.hooks.BasePage - ******* Driver fetched in BasePage: true
2025-01-26 20:18:54 INFO  com.qa.test.hooks.Hooks - ******** Initializing Driver ********
2025-01-26 20:20:12 INFO  com.qa.test.hooks.Hooks - ******** Initializing Driver ********
2025-01-26 20:20:18 INFO  com.qa.test.hooks.BasePage - ******* Driver fetched in BasePage: true
2025-01-26 20:21:08 INFO  com.qa.test.hooks.Hooks - ******** Initializing Driver ********
2025-01-26 20:21:17 INFO  com.qa.test.hooks.BasePage - ******* Driver fetched in BasePage: true
2025-01-26 20:30:22 INFO  com.qa.test.hooks.Hooks - ******** Initializing Driver ********
2025-01-26 20:30:29 INFO  com.qa.test.hooks.BasePage - ******* Driver fetched in BasePage: true
2025-01-26 20:32:47 INFO  com.qa.test.hooks.Hooks - ******** Initializing Driver ********
2025-01-26 20:32:54 INFO  com.qa.test.hooks.BasePage - ******* Driver fetched in BasePage: true
